0
1
2
2
3
4
5
5
6
7
8
9
10
11
12
13
14
14
15
15
16
18
18
19
20
21
21
22
23
23
24
25
26
26
27
27
28
29
29
30
31
32
33
35
35
36
37
38
38
39
40
41
41
42
43
44
44
45
46
47
48
48
49
50
51
52
53
54
55
56
57
58
58
59
60
62
62
63
63
64
65
66
67
68
68
69
70
72
72
73
74
74
75
76
77
78
78
79
80
81
82
83
84
85
86
87
87
88
89
89
90
91
92
93
94
95
95
96
97
98
99
100
101
101
102
103
104
105
106
107
108
109
110
111
112
113
114
115
116
117
118
120
120
121
122
123
124
124
125
126
127
128
130
131
132
132
133
134
135
135
136
137
138
139
140
141
141
142
143
145
146
147
148
149
150
151
152
153
155
155
156
157
158
158
159
160
161
162
162
163
163
165
166
167
168
169
170
171
172
173
174
174
175
176
177
178
179
181
182
183
184
185
185
186
186
187
188
190
191
192
193
194
195
196
197
198
199
200
202
203
204
205
206
206
207
208
209
210
210
211
212
213
214
216
217
218
219
220
221
222
223
224
225
227
228
228
229
230
231
232
233
234
234
235
236
237
237
238
240
241
242
243
244
245
246
247
248
249
251
252
253
254
255
256
257
258
259
260
262
263
264
265
266
267
268
269
270
272
273
274
275
276
277
278
279
280
281
281
282
282
283
284
286
287
288
289
289
290
291
291
292
293
294
295
296
297
298
298
299
300
301
302
304
304
0
1
2
2
3
4
5
5
6
7
7
9
9
10
11
11
12
13
13
14
14
15
16
17
17
18
18
19
20
21
22
23
24
25
26
27
28
29
31
32
33
34
